<?xml version="1.0" encoding="UTF-8"?>
<coverage generated="1637587801253" clover="3.2.0">
  <project timestamp="1637587801253" name="All files">
    <metrics statements="4" coveredstatements="1" conditionals="0" coveredconditionals="0" methods="4" coveredmethods="1" elements="8" coveredelements="2" complexity="0" loc="4" ncloc="4" packages="1" files="1" classes="1"/>
    <file name="math.js" path="/Users/mengxianrui/me/workspace/feUtils/src/math.js">
      <metrics statements="4" coveredstatements="1" conditionals="0" coveredconditionals="0" methods="4" coveredmethods="1"/>
      <line num="5" count="0" type="stmt"/>
      <line num="10" count="1" type="stmt"/>
      <line num="16" count="0" type="stmt"/>
      <line num="22" count="0" type="stmt"/>
    </file>
  </project>
</coverage>
