{"/Users/mengxianrui/me/workspace/feUtils/src/math.js": {"path":"/Users/mengxianrui/me/workspace/feUtils/src/math.js","statementMap":{"0":{"start":{"line":5,"column":2},"end":{"line":7,"column":6}},"1":{"start":{"line":10,"column":2},"end":{"line":12,"column":6}},"2":{"start":{"line":16,"column":2},"end":{"line":18,"column":6}},"3":{"start":{"line":22,"column":2},"end":{"line":24,"column":6}}},"fnMap":{"0":{"name":"mathAdd","decl":{"start":{"line":4,"column":16},"end":{"line":4,"column":23}},"loc":{"start":{"line":4,"column":30},"end":{"line":8,"column":1}},"line":4},"1":{"name":"mathSubtract","decl":{"start":{"line":9,"column":16},"end":{"line":9,"column":28}},"loc":{"start":{"line":9,"column":35},"end":{"line":13,"column":1}},"line":9},"2":{"name":"mathMultiply","decl":{"start":{"line":15,"column":16},"end":{"line":15,"column":28}},"loc":{"start":{"line":15,"column":35},"end":{"line":19,"column":1}},"line":15},"3":{"name":"mathDivide","decl":{"start":{"line":21,"column":16},"end":{"line":21,"column":26}},"loc":{"start":{"line":21,"column":33},"end":{"line":25,"column":1}},"line":21}},"branchMap":{},"s":{"0":0,"1":1,"2":0,"3":0},"f":{"0":0,"1":1,"2":0,"3":0},"b":{},"_coverageSchema":"1a1c01bbd47fc00a2c39e90264f33305004495a9","hash":"bd792689fc944316dee7861576bd7bea6eb3a09c"}
}
