TN:
SF:src/deviceId.js
FN:8,checksum
FN:21,generateDeviceId
FN:25,(anonymous_2)
FN:28,(anonymous_3)
FNF:4
FNH:0
FNDA:0,checksum
FNDA:0,generateDeviceId
FNDA:0,(anonymous_2)
FNDA:0,(anonymous_3)
DA:9,0
DA:10,0
DA:11,0
DA:13,0
DA:14,0
DA:15,0
DA:16,0
DA:18,0
DA:22,0
DA:23,0
DA:24,0
DA:25,0
DA:26,0
DA:27,0
DA:28,0
DA:29,0
DA:30,0
DA:31,0
DA:32,0
LF:19
LH:0
BRDA:10,0,0,0
BRDA:10,0,1,0
BRDA:29,1,0,0
BRDA:29,1,1,0
BRDA:30,2,0,0
BRDA:30,2,1,0
BRDA:31,3,0,0
BRDA:31,3,1,0
BRF:8
BRH:0
end_of_record
TN:
SF:src/index.js
FNF:0
FNH:0
LF:0
LH:0
BRF:0
BRH:0
end_of_record
TN:
SF:src/loadScript.js
FN:6,loadScript
FN:7,(anonymous_1)
FN:12,(anonymous_2)
FNF:3
FNH:0
FNDA:0,loadScript
FNDA:0,(anonymous_1)
FNDA:0,(anonymous_2)
DA:7,0
DA:8,0
DA:9,0
DA:10,0
DA:11,0
DA:12,0
DA:13,0
DA:14,0
DA:17,0
DA:18,0
LF:10
LH:0
BRDA:7,0,0,0
BRDA:7,0,1,0
BRDA:13,1,0,0
BRDA:13,1,1,0
BRDA:13,2,0,0
BRDA:13,2,1,0
BRF:6
BRH:0
end_of_record
TN:
SF:src/luhnCheck.js
FN:16,lunhCheck
FN:17,(anonymous_1)
FN:23,(anonymous_2)
FN:24,(anonymous_3)
FNF:4
FNH:0
FNDA:0,lunhCheck
FNDA:0,(anonymous_1)
FNDA:0,(anonymous_2)
FNDA:0,(anonymous_3)
DA:17,0
DA:21,0
DA:23,0
DA:24,0
LF:4
LH:0
BRDA:17,0,0,0
BRDA:17,0,1,0
BRDA:23,1,0,0
BRDA:23,1,1,0
BRF:4
BRH:0
end_of_record
TN:
SF:src/math.js
FN:4,mathAdd
FN:11,mathSubtract
FN:18,mathMultiply
FN:25,mathDivide
FN:34,mathToFixed
FNF:5
FNH:0
FNDA:0,mathAdd
FNDA:0,mathSubtract
FNDA:0,mathMultiply
FNDA:0,mathDivide
FNDA:0,mathToFixed
DA:5,0
DA:12,0
DA:19,0
DA:26,0
DA:35,0
LF:5
LH:0
BRF:0
BRH:0
end_of_record
TN:
SF:src/string.js
FN:9,maskStr
FNF:1
FNH:1
FNDA:1,maskStr
DA:10,1
DA:11,1
DA:12,1
DA:13,1
DA:15,0
LF:5
LH:4
BRDA:9,0,0,0
BRDA:9,1,0,1
BRDA:9,2,0,1
BRDA:9,3,0,1
BRDA:10,4,0,1
BRDA:10,4,1,0
BRDA:10,5,0,1
BRDA:10,5,1,1
BRF:8
BRH:6
end_of_record
